Determining if the pthread_create exist failed with the following output:
Change Dir: /home/adith-jb/projects/mybot_ws/build/CMakeFiles/CMakeTmp

Run Build Command:"/usr/bin/make" "cmTC_498c6/fast"
/usr/bin/make -f CMakeFiles/cmTC_498c6.dir/build.make CMakeFiles/cmTC_498c6.dir/build
make[1]: Entering directory '/home/adith-jb/projects/mybot_ws/build/CMakeFiles/CMakeTmp'
Building C object CMakeFiles/cmTC_498c6.dir/CheckSymbolExists.c.o
/usr/bin/cc     -o CMakeFiles/cmTC_498c6.dir/CheckSymbolExists.c.o   -c /home/adith-jb/projects/mybot_ws/build/CMakeFiles/CMakeTmp/CheckSymbolExists.c
Linking C executable cmTC_498c6
/usr/bin/cmake -E cmake_link_script CMakeFiles/cmTC_498c6.dir/link.txt --verbose=1
/usr/bin/cc       CMakeFiles/cmTC_498c6.dir/CheckSymbolExists.c.o  -o cmTC_498c6 -rdynamic 
CMakeFiles/cmTC_498c6.dir/CheckSymbolExists.c.o: In function `main':
CheckSymbolExists.c:(.text+0x16): undefined reference to `pthread_create'
collect2: error: ld returned 1 exit status
CMakeFiles/cmTC_498c6.dir/build.make:97: recipe for target 'cmTC_498c6' failed
make[1]: *** [cmTC_498c6] Error 1
make[1]: Leaving directory '/home/adith-jb/projects/mybot_ws/build/CMakeFiles/CMakeTmp'
Makefile:126: recipe for target 'cmTC_498c6/fast' failed
make: *** [cmTC_498c6/fast] Error 2

File /home/adith-jb/projects/mybot_ws/build/CMakeFiles/CMakeTmp/CheckSymbolExists.c:
/* */
#include <pthread.h>

int main(int argc, char** argv)
{
  (void)argv;
#ifndef pthread_create
  return ((int*)(&pthread_create))[argc];
#else
  (void)argc;
  return 0;
#endif
}

Determining if the function pthread_create exists in the pthreads failed with the following output:
Change Dir: /home/adith-jb/projects/mybot_ws/build/CMakeFiles/CMakeTmp

Run Build Command:"/usr/bin/make" "cmTC_b890e/fast"
/usr/bin/make -f CMakeFiles/cmTC_b890e.dir/build.make CMakeFiles/cmTC_b890e.dir/build
make[1]: Entering directory '/home/adith-jb/projects/mybot_ws/build/CMakeFiles/CMakeTmp'
Building C object CMakeFiles/cmTC_b890e.dir/CheckFunctionExists.c.o
/usr/bin/cc    -DCHECK_FUNCTION_EXISTS=pthread_create   -o CMakeFiles/cmTC_b890e.dir/CheckFunctionExists.c.o   -c /usr/share/cmake-3.5/Modules/CheckFunctionExists.c
Linking C executable cmTC_b890e
/usr/bin/cmake -E cmake_link_script CMakeFiles/cmTC_b890e.dir/link.txt --verbose=1
/usr/bin/cc   -DCHECK_FUNCTION_EXISTS=pthread_create    CMakeFiles/cmTC_b890e.dir/CheckFunctionExists.c.o  -o cmTC_b890e -rdynamic -lpthreads 
/usr/bin/ld: cannot find -lpthreads
collect2: error: ld returned 1 exit status
CMakeFiles/cmTC_b890e.dir/build.make:97: recipe for target 'cmTC_b890e' failed
make[1]: *** [cmTC_b890e] Error 1
make[1]: Leaving directory '/home/adith-jb/projects/mybot_ws/build/CMakeFiles/CMakeTmp'
Makefile:126: recipe for target 'cmTC_b890e/fast' failed
make: *** [cmTC_b890e/fast] Error 2


